05-Sep-2021 11:49:50.659 INFORMACIÓN [http-nio-8080-exec-369] org.apache.catalina.core.ApplicationContext.log Manager: list: Listing contexts for virtual host 'localhost'
05-Sep-2021 11:49:50.661 INFORMACIÓN [http-nio-8080-exec-372] org.apache.catalina.core.ApplicationContext.log Manager: list: Listing contexts for virtual host 'localhost'
05-Sep-2021 11:49:51.058 INFORMACIÓN [http-nio-8080-exec-373] org.apache.catalina.core.ApplicationContext.log Manager: undeploy: Undeploying web application at '/restful'
05-Sep-2021 11:49:51.592 INFORMACIÓN [http-nio-8080-exec-369] org.apache.catalina.core.ApplicationContext.log Manager: install: Installing context configuration at 'file:/C:/Users/SENA/AppData/Local/Temp/context4709225400287393096.xml'
05-Sep-2021 11:49:51.693 INFORMACIÓN [http-nio-8080-exec-368] org.apache.catalina.core.ApplicationContext.log Manager: start: Starting web application '/restful'
05-Sep-2021 11:50:01.438 INFORMACIÓN [http-nio-8080-exec-375] org.apache.catalina.core.ApplicationContext.log Manager: list: Listing contexts for virtual host 'localhost'
05-Sep-2021 11:50:01.440 INFORMACIÓN [http-nio-8080-exec-368] org.apache.catalina.core.ApplicationContext.log Manager: list: Listing contexts for virtual host 'localhost'
05-Sep-2021 11:50:01.451 INFORMACIÓN [http-nio-8080-exec-367] org.apache.catalina.core.ApplicationContext.log Manager: undeploy: Undeploying web application at '/restful'
05-Sep-2021 11:50:01.971 INFORMACIÓN [http-nio-8080-exec-378] org.apache.catalina.core.ApplicationContext.log Manager: install: Installing context configuration at 'file:/C:/Users/SENA/AppData/Local/Temp/context1537022793272908352.xml'
05-Sep-2021 11:50:02.038 INFORMACIÓN [http-nio-8080-exec-368] org.apache.catalina.core.ApplicationContext.log Manager: start: Starting web application '/restful'
05-Sep-2021 11:50:10.844 INFORMACIÓN [http-nio-8080-exec-371] org.apache.catalina.core.ApplicationContext.log Manager: list: Listing contexts for virtual host 'localhost'
05-Sep-2021 11:50:10.867 INFORMACIÓN [http-nio-8080-exec-375] org.apache.catalina.core.ApplicationContext.log Manager: restart: Reloading web application '/restful'
05-Sep-2021 11:53:41.325 INFORMACIÓN [http-nio-8080-exec-383] org.apache.catalina.core.ApplicationContext.log Manager: list: Listing contexts for virtual host 'localhost'
05-Sep-2021 11:53:41.347 INFORMACIÓN [http-nio-8080-exec-384] org.apache.catalina.core.ApplicationContext.log Manager: restart: Reloading web application '/restful'
05-Sep-2021 11:53:45.901 INFORMACIÓN [http-nio-8080-exec-388] org.apache.catalina.core.ApplicationContext.log Manager: list: Listing contexts for virtual host 'localhost'
05-Sep-2021 11:53:45.923 INFORMACIÓN [http-nio-8080-exec-389] org.apache.catalina.core.ApplicationContext.log Manager: restart: Reloading web application '/restful'
05-Sep-2021 11:54:03.347 INFORMACIÓN [http-nio-8080-exec-382] org.apache.catalina.core.ApplicationContext.log Manager: list: Listing contexts for virtual host 'localhost'
05-Sep-2021 11:54:03.372 INFORMACIÓN [http-nio-8080-exec-390] org.apache.catalina.core.ApplicationContext.log Manager: restart: Reloading web application '/restful'
05-Sep-2021 12:03:08.615 INFORMACIÓN [http-nio-8080-exec-393] org.apache.catalina.core.ApplicationContext.log Manager: list: Listing contexts for virtual host 'localhost'
05-Sep-2021 12:03:08.622 INFORMACIÓN [http-nio-8080-exec-398] org.apache.catalina.core.ApplicationContext.log Manager: list: Listing contexts for virtual host 'localhost'
05-Sep-2021 12:03:08.629 INFORMACIÓN [http-nio-8080-exec-400] org.apache.catalina.core.ApplicationContext.log Manager: install: Installing context configuration at 'file:/C:/Users/SENA/AppData/Local/Temp/context5248404717166169751.xml'
05-Sep-2021 12:03:08.664 INFORMACIÓN [http-nio-8080-exec-401] org.apache.catalina.core.ApplicationContext.log Manager: start: Starting web application '/Tutorial'
05-Sep-2021 12:05:30.423 INFORMACIÓN [http-nio-8080-exec-399] org.apache.catalina.core.ApplicationContext.log Manager: list: Listing contexts for virtual host 'localhost'
05-Sep-2021 12:05:30.427 INFORMACIÓN [http-nio-8080-exec-398] org.apache.catalina.core.ApplicationContext.log Manager: restart: Reloading web application '/Tutorial'
05-Sep-2021 12:05:41.942 INFORMACIÓN [http-nio-8080-exec-396] org.apache.catalina.core.ApplicationContext.log Manager: list: Listing contexts for virtual host 'localhost'
05-Sep-2021 12:05:41.947 INFORMACIÓN [http-nio-8080-exec-399] org.apache.catalina.core.ApplicationContext.log Manager: restart: Reloading web application '/Tutorial'
05-Sep-2021 12:05:43.900 INFORMACIÓN [http-nio-8080-exec-396] org.apache.catalina.core.ApplicationContext.log Manager: list: Listing contexts for virtual host 'localhost'
05-Sep-2021 12:05:43.918 INFORMACIÓN [http-nio-8080-exec-397] org.apache.catalina.core.ApplicationContext.log Manager: restart: Reloading web application '/Tutorial'
05-Sep-2021 12:05:43.918 GRAVE [http-nio-8080-exec-397] org.apache.catalina.core.ApplicationContext.log Manager: ManagerServlet.reload[/Tutorial]
 java.lang.IllegalStateException: Aún no se ha arrancado el Contexto [/Tutorial]
	at org.apache.catalina.core.StandardContext.reload(StandardContext.java:3683)
	at org.apache.catalina.manager.ManagerServlet.reload(ManagerServlet.java:1094)
	at org.apache.catalina.manager.ManagerServlet.doGet(ManagerServlet.java:364)
	at javax.servlet.http.HttpServlet.service(HttpServlet.java:634)
	at javax.servlet.http.HttpServlet.service(HttpServlet.java:741)
	at org.apache.catalina.core.ApplicationFilterChain.internalDoFilter(ApplicationFilterChain.java:231)
	at org.apache.catalina.core.ApplicationFilterChain.doFilter(ApplicationFilterChain.java:166)
	at org.apache.tomcat.websocket.server.WsFilter.doFilter(WsFilter.java:53)
	at org.apache.catalina.core.ApplicationFilterChain.internalDoFilter(ApplicationFilterChain.java:193)
	at org.apache.catalina.core.ApplicationFilterChain.doFilter(ApplicationFilterChain.java:166)
	at org.apache.catalina.core.StandardWrapperValve.invoke(StandardWrapperValve.java:199)
	at org.apache.catalina.core.StandardContextValve.invoke(StandardContextValve.java:96)
	at org.apache.catalina.authenticator.AuthenticatorBase.invoke(AuthenticatorBase.java:611)
	at org.apache.catalina.valves.RequestFilterValve.process(RequestFilterValve.java:348)
	at org.apache.catalina.valves.RemoteAddrValve.invoke(RemoteAddrValve.java:52)
	at org.apache.catalina.core.StandardHostValve.invoke(StandardHostValve.java:139)
	at org.apache.catalina.valves.ErrorReportValve.invoke(ErrorReportValve.java:92)
	at org.apache.catalina.valves.AbstractAccessLogValve.invoke(AbstractAccessLogValve.java:651)
	at org.apache.catalina.core.StandardEngineValve.invoke(StandardEngineValve.java:87)
	at org.apache.catalina.connector.CoyoteAdapter.service(CoyoteAdapter.java:343)
	at org.apache.coyote.http11.Http11Processor.service(Http11Processor.java:412)
	at org.apache.coyote.AbstractProcessorLight.process(AbstractProcessorLight.java:66)
	at org.apache.coyote.AbstractProtocol$ConnectionHandler.process(AbstractProtocol.java:754)
	at org.apache.tomcat.util.net.NioEndpoint$SocketProcessor.doRun(NioEndpoint.java:1385)
	at org.apache.tomcat.util.net.SocketProcessorBase.run(SocketProcessorBase.java:49)
	at java.util.concurrent.ThreadPoolExecutor.runWorker(ThreadPoolExecutor.java:1142)
	at java.util.concurrent.ThreadPoolExecutor$Worker.run(ThreadPoolExecutor.java:617)
	at org.apache.tomcat.util.threads.TaskThread$WrappingRunnable.run(TaskThread.java:61)
	at java.lang.Thread.run(Thread.java:745)

05-Sep-2021 12:05:50.875 INFORMACIÓN [http-nio-8080-exec-401] org.apache.catalina.core.ApplicationContext.log Manager: list: Listing contexts for virtual host 'localhost'
05-Sep-2021 12:05:50.884 INFORMACIÓN [http-nio-8080-exec-394] org.apache.catalina.core.ApplicationContext.log Manager: list: Listing contexts for virtual host 'localhost'
05-Sep-2021 12:05:50.891 INFORMACIÓN [http-nio-8080-exec-397] org.apache.catalina.core.ApplicationContext.log Manager: undeploy: Undeploying web application at '/Tutorial'
05-Sep-2021 12:05:51.460 INFORMACIÓN [http-nio-8080-exec-392] org.apache.catalina.core.ApplicationContext.log Manager: install: Installing context configuration at 'file:/C:/Users/SENA/AppData/Local/Temp/context6421354806714816839.xml'
05-Sep-2021 12:05:52.728 INFORMACIÓN [http-nio-8080-exec-403] org.apache.catalina.core.ApplicationContext.log Manager: start: Starting web application '/Tutorial'
05-Sep-2021 12:06:18.463 INFORMACIÓN [http-nio-8080-exec-404] org.apache.catalina.core.ApplicationContext.log Manager: list: Listing contexts for virtual host 'localhost'
05-Sep-2021 12:06:18.471 INFORMACIÓN [http-nio-8080-exec-397] org.apache.catalina.core.ApplicationContext.log Manager: restart: Reloading web application '/Tutorial'
05-Sep-2021 12:06:38.628 INFORMACIÓN [http-nio-8080-exec-396] org.apache.catalina.core.ApplicationContext.log Manager: list: Listing contexts for virtual host 'localhost'
05-Sep-2021 12:06:38.633 INFORMACIÓN [http-nio-8080-exec-405] org.apache.catalina.core.ApplicationContext.log Manager: restart: Reloading web application '/Tutorial'
05-Sep-2021 12:07:14.361 INFORMACIÓN [http-nio-8080-exec-402] org.apache.catalina.core.ApplicationContext.log Manager: list: Listing contexts for virtual host 'localhost'
05-Sep-2021 12:07:14.371 INFORMACIÓN [http-nio-8080-exec-403] org.apache.catalina.core.ApplicationContext.log Manager: restart: Reloading web application '/Tutorial'
05-Sep-2021 12:07:16.044 INFORMACIÓN [http-nio-8080-exec-406] org.apache.catalina.core.ApplicationContext.log Manager: list: Listing contexts for virtual host 'localhost'
05-Sep-2021 12:07:16.400 INFORMACIÓN [http-nio-8080-exec-404] org.apache.catalina.core.ApplicationContext.log Manager: restart: Reloading web application '/Tutorial'
05-Sep-2021 12:07:47.061 INFORMACIÓN [http-nio-8080-exec-406] org.apache.catalina.core.ApplicationContext.log Manager: list: Listing contexts for virtual host 'localhost'
05-Sep-2021 12:07:47.065 INFORMACIÓN [http-nio-8080-exec-393] org.apache.catalina.core.ApplicationContext.log Manager: restart: Reloading web application '/Tutorial'
05-Sep-2021 12:07:53.735 INFORMACIÓN [http-nio-8080-exec-396] org.apache.catalina.core.ApplicationContext.log Manager: list: Listing contexts for virtual host 'localhost'
05-Sep-2021 12:07:53.741 INFORMACIÓN [http-nio-8080-exec-409] org.apache.catalina.core.ApplicationContext.log Manager: restart: Reloading web application '/Tutorial'
05-Sep-2021 12:07:56.207 INFORMACIÓN [http-nio-8080-exec-416] org.apache.catalina.core.ApplicationContext.log Manager: list: Listing contexts for virtual host 'localhost'
05-Sep-2021 12:07:56.212 INFORMACIÓN [http-nio-8080-exec-413] org.apache.catalina.core.ApplicationContext.log Manager: restart: Reloading web application '/Tutorial'
05-Sep-2021 12:08:58.526 INFORMACIÓN [http-nio-8080-exec-396] org.apache.catalina.core.ApplicationContext.log Manager: list: Listing contexts for virtual host 'localhost'
05-Sep-2021 12:08:58.530 INFORMACIÓN [http-nio-8080-exec-410] org.apache.catalina.core.ApplicationContext.log Manager: restart: Reloading web application '/Tutorial'
05-Sep-2021 12:09:03.176 INFORMACIÓN [http-nio-8080-exec-396] org.apache.catalina.core.ApplicationContext.log Manager: list: Listing contexts for virtual host 'localhost'
05-Sep-2021 12:09:03.179 INFORMACIÓN [http-nio-8080-exec-421] org.apache.catalina.core.ApplicationContext.log Manager: list: Listing contexts for virtual host 'localhost'
05-Sep-2021 12:09:03.197 INFORMACIÓN [http-nio-8080-exec-418] org.apache.catalina.core.ApplicationContext.log Manager: restart: Reloading web application '/Tutorial'
05-Sep-2021 12:11:28.723 INFORMACIÓN [http-nio-8080-exec-425] org.apache.catalina.core.ApplicationContext.log Manager: list: Listing contexts for virtual host 'localhost'
05-Sep-2021 12:11:28.738 INFORMACIÓN [http-nio-8080-exec-428] org.apache.catalina.core.ApplicationContext.log Manager: list: Listing contexts for virtual host 'localhost'
05-Sep-2021 12:11:29.029 INFORMACIÓN [http-nio-8080-exec-429] org.apache.catalina.core.ApplicationContext.log Manager: list: Listing contexts for virtual host 'localhost'
05-Sep-2021 12:11:29.035 INFORMACIÓN [http-nio-8080-exec-431] org.apache.catalina.core.ApplicationContext.log Manager: restart: Reloading web application '/Tutorial'
05-Sep-2021 12:55:22.328 INFORMACIÓN [http-nio-8080-exec-436] org.apache.catalina.core.ApplicationContext.log Manager: list: Listing contexts for virtual host 'localhost'
05-Sep-2021 12:55:22.334 INFORMACIÓN [http-nio-8080-exec-435] org.apache.catalina.core.ApplicationContext.log Manager: restart: Reloading web application '/Tutorial'
05-Sep-2021 12:55:24.792 INFORMACIÓN [http-nio-8080-exec-442] org.apache.catalina.core.ApplicationContext.log Manager: list: Listing contexts for virtual host 'localhost'
05-Sep-2021 12:55:24.798 INFORMACIÓN [http-nio-8080-exec-440] org.apache.catalina.core.ApplicationContext.log Manager: restart: Reloading web application '/Tutorial'
05-Sep-2021 12:59:16.934 INFORMACIÓN [http-nio-8080-exec-446] org.apache.catalina.core.ApplicationContext.log Manager: list: Listing contexts for virtual host 'localhost'
05-Sep-2021 12:59:16.941 INFORMACIÓN [http-nio-8080-exec-447] org.apache.catalina.core.ApplicationContext.log Manager: restart: Reloading web application '/Tutorial'
05-Sep-2021 12:59:20.066 INFORMACIÓN [http-nio-8080-exec-448] org.apache.catalina.core.ApplicationContext.log Manager: list: Listing contexts for virtual host 'localhost'
05-Sep-2021 12:59:20.083 INFORMACIÓN [http-nio-8080-exec-434] org.apache.catalina.core.ApplicationContext.log Manager: list: Listing contexts for virtual host 'localhost'
05-Sep-2021 12:59:20.255 INFORMACIÓN [http-nio-8080-exec-450] org.apache.catalina.core.ApplicationContext.log Manager: list: Listing contexts for virtual host 'localhost'
05-Sep-2021 12:59:20.261 INFORMACIÓN [http-nio-8080-exec-449] org.apache.catalina.core.ApplicationContext.log Manager: restart: Reloading web application '/Tutorial'
05-Sep-2021 12:59:57.555 INFORMACIÓN [http-nio-8080-exec-448] org.apache.catalina.core.ApplicationContext.log Manager: list: Listing contexts for virtual host 'localhost'
05-Sep-2021 12:59:57.562 INFORMACIÓN [http-nio-8080-exec-444] org.apache.catalina.core.ApplicationContext.log Manager: restart: Reloading web application '/Tutorial'
05-Sep-2021 13:00:23.017 INFORMACIÓN [http-nio-8080-exec-433] org.apache.catalina.core.ApplicationContext.log Manager: list: Listing contexts for virtual host 'localhost'
05-Sep-2021 13:00:23.023 INFORMACIÓN [http-nio-8080-exec-454] org.apache.catalina.core.ApplicationContext.log Manager: restart: Reloading web application '/Tutorial'
05-Sep-2021 13:00:25.478 INFORMACIÓN [http-nio-8080-exec-445] org.apache.catalina.core.ApplicationContext.log Manager: list: Listing contexts for virtual host 'localhost'
05-Sep-2021 13:00:25.491 INFORMACIÓN [http-nio-8080-exec-448] org.apache.catalina.core.ApplicationContext.log Manager: restart: Reloading web application '/Tutorial'
05-Sep-2021 13:00:58.725 INFORMACIÓN [http-nio-8080-exec-458] org.apache.catalina.core.ApplicationContext.log Manager: list: Listing contexts for virtual host 'localhost'
05-Sep-2021 13:00:58.730 INFORMACIÓN [http-nio-8080-exec-446] org.apache.catalina.core.ApplicationContext.log Manager: restart: Reloading web application '/Tutorial'
05-Sep-2021 13:01:01.174 INFORMACIÓN [http-nio-8080-exec-460] org.apache.catalina.core.ApplicationContext.log Manager: list: Listing contexts for virtual host 'localhost'
05-Sep-2021 13:01:01.183 INFORMACIÓN [http-nio-8080-exec-456] org.apache.catalina.core.ApplicationContext.log Manager: restart: Reloading web application '/Tutorial'
05-Sep-2021 13:01:50.238 INFORMACIÓN [http-nio-8080-exec-434] org.apache.catalina.core.ApplicationContext.log Manager: list: Listing contexts for virtual host 'localhost'
05-Sep-2021 13:01:50.244 INFORMACIÓN [http-nio-8080-exec-455] org.apache.catalina.core.ApplicationContext.log Manager: restart: Reloading web application '/Tutorial'
05-Sep-2021 13:01:52.653 INFORMACIÓN [http-nio-8080-exec-462] org.apache.catalina.core.ApplicationContext.log Manager: list: Listing contexts for virtual host 'localhost'
05-Sep-2021 13:01:52.658 INFORMACIÓN [http-nio-8080-exec-434] org.apache.catalina.core.ApplicationContext.log Manager: restart: Reloading web application '/Tutorial'
05-Sep-2021 13:01:58.903 INFORMACIÓN [http-nio-8080-exec-463] org.apache.catalina.core.ApplicationContext.log Manager: list: Listing contexts for virtual host 'localhost'
05-Sep-2021 13:01:58.907 INFORMACIÓN [http-nio-8080-exec-450] org.apache.catalina.core.ApplicationContext.log Manager: restart: Reloading web application '/Tutorial'
05-Sep-2021 13:02:38.649 INFORMACIÓN [http-nio-8080-exec-464] org.apache.catalina.core.ApplicationContext.log Manager: list: Listing contexts for virtual host 'localhost'
05-Sep-2021 13:02:38.661 INFORMACIÓN [http-nio-8080-exec-459] org.apache.catalina.core.ApplicationContext.log Manager: restart: Reloading web application '/Tutorial'
05-Sep-2021 13:02:41.001 INFORMACIÓN [http-nio-8080-exec-461] org.apache.catalina.core.ApplicationContext.log Manager: list: Listing contexts for virtual host 'localhost'
05-Sep-2021 13:02:41.007 INFORMACIÓN [http-nio-8080-exec-464] org.apache.catalina.core.ApplicationContext.log Manager: restart: Reloading web application '/Tutorial'
05-Sep-2021 13:02:50.691 INFORMACIÓN [http-nio-8080-exec-468] org.apache.catalina.core.ApplicationContext.log Manager: list: Listing contexts for virtual host 'localhost'
05-Sep-2021 13:02:50.696 INFORMACIÓN [http-nio-8080-exec-463] org.apache.catalina.core.ApplicationContext.log Manager: restart: Reloading web application '/Tutorial'
05-Sep-2021 13:02:53.200 INFORMACIÓN [http-nio-8080-exec-467] org.apache.catalina.core.ApplicationContext.log Manager: list: Listing contexts for virtual host 'localhost'
05-Sep-2021 13:02:53.208 INFORMACIÓN [http-nio-8080-exec-468] org.apache.catalina.core.ApplicationContext.log Manager: restart: Reloading web application '/Tutorial'
05-Sep-2021 13:03:07.042 INFORMACIÓN [http-nio-8080-exec-472] org.apache.catalina.core.ApplicationContext.log Manager: list: Listing contexts for virtual host 'localhost'
05-Sep-2021 13:03:07.046 INFORMACIÓN [http-nio-8080-exec-469] org.apache.catalina.core.ApplicationContext.log Manager: restart: Reloading web application '/Tutorial'
05-Sep-2021 13:03:42.431 INFORMACIÓN [http-nio-8080-exec-475] org.apache.catalina.core.ApplicationContext.log Manager: list: Listing contexts for virtual host 'localhost'
05-Sep-2021 13:03:42.437 INFORMACIÓN [http-nio-8080-exec-445] org.apache.catalina.core.ApplicationContext.log Manager: restart: Reloading web application '/Tutorial'
05-Sep-2021 13:04:14.508 INFORMACIÓN [http-nio-8080-exec-472] org.apache.catalina.core.ApplicationContext.log Manager: list: Listing contexts for virtual host 'localhost'
05-Sep-2021 13:04:14.514 INFORMACIÓN [http-nio-8080-exec-460] org.apache.catalina.core.ApplicationContext.log Manager: restart: Reloading web application '/Tutorial'
05-Sep-2021 13:07:35.018 INFORMACIÓN [http-nio-8080-exec-485] org.apache.catalina.core.ApplicationContext.log Manager: list: Listing contexts for virtual host 'localhost'
05-Sep-2021 13:07:35.023 INFORMACIÓN [http-nio-8080-exec-486] org.apache.catalina.core.ApplicationContext.log Manager: restart: Reloading web application '/Tutorial'
05-Sep-2021 13:07:42.037 INFORMACIÓN [http-nio-8080-exec-482] org.apache.catalina.core.ApplicationContext.log Manager: list: Listing contexts for virtual host 'localhost'
05-Sep-2021 13:07:42.042 INFORMACIÓN [http-nio-8080-exec-483] org.apache.catalina.core.ApplicationContext.log Manager: restart: Reloading web application '/Tutorial'
05-Sep-2021 13:07:44.498 INFORMACIÓN [http-nio-8080-exec-491] org.apache.catalina.core.ApplicationContext.log Manager: list: Listing contexts for virtual host 'localhost'
05-Sep-2021 13:07:44.502 INFORMACIÓN [http-nio-8080-exec-484] org.apache.catalina.core.ApplicationContext.log Manager: restart: Reloading web application '/Tutorial'
05-Sep-2021 13:07:47.510 INFORMACIÓN [http-nio-8080-exec-492] org.apache.catalina.core.ApplicationContext.log Manager: list: Listing contexts for virtual host 'localhost'
05-Sep-2021 13:07:47.515 INFORMACIÓN [http-nio-8080-exec-482] org.apache.catalina.core.ApplicationContext.log Manager: restart: Reloading web application '/Tutorial'
05-Sep-2021 13:08:21.197 INFORMACIÓN [http-nio-8080-exec-492] org.apache.catalina.core.ApplicationContext.log Manager: list: Listing contexts for virtual host 'localhost'
05-Sep-2021 13:08:21.202 INFORMACIÓN [http-nio-8080-exec-495] org.apache.catalina.core.ApplicationContext.log Manager: restart: Reloading web application '/Tutorial'
05-Sep-2021 13:08:48.095 INFORMACIÓN [http-nio-8080-exec-497] org.apache.catalina.core.ApplicationContext.log Manager: list: Listing contexts for virtual host 'localhost'
05-Sep-2021 13:08:48.100 INFORMACIÓN [http-nio-8080-exec-496] org.apache.catalina.core.ApplicationContext.log Manager: restart: Reloading web application '/Tutorial'
05-Sep-2021 13:09:41.625 INFORMACIÓN [http-nio-8080-exec-499] org.apache.catalina.core.ApplicationContext.log Manager: list: Listing contexts for virtual host 'localhost'
05-Sep-2021 13:09:41.630 INFORMACIÓN [http-nio-8080-exec-491] org.apache.catalina.core.ApplicationContext.log Manager: restart: Reloading web application '/Tutorial'
05-Sep-2021 13:09:44.308 INFORMACIÓN [http-nio-8080-exec-502] org.apache.catalina.core.ApplicationContext.log Manager: list: Listing contexts for virtual host 'localhost'
05-Sep-2021 13:09:44.313 INFORMACIÓN [http-nio-8080-exec-497] org.apache.catalina.core.ApplicationContext.log Manager: restart: Reloading web application '/Tutorial'
05-Sep-2021 13:10:10.156 INFORMACIÓN [http-nio-8080-exec-508] org.apache.catalina.core.ApplicationContext.log Manager: list: Listing contexts for virtual host 'localhost'
05-Sep-2021 13:10:10.160 INFORMACIÓN [http-nio-8080-exec-504] org.apache.catalina.core.ApplicationContext.log Manager: restart: Reloading web application '/Tutorial'
05-Sep-2021 13:10:25.974 INFORMACIÓN [http-nio-8080-exec-505] org.apache.catalina.core.ApplicationContext.log Manager: list: Listing contexts for virtual host 'localhost'
05-Sep-2021 13:10:25.980 INFORMACIÓN [http-nio-8080-exec-513] org.apache.catalina.core.ApplicationContext.log Manager: restart: Reloading web application '/Tutorial'
05-Sep-2021 13:13:53.070 INFORMACIÓN [http-nio-8080-exec-515] org.apache.catalina.core.ApplicationContext.log Manager: list: Listing contexts for virtual host 'localhost'
05-Sep-2021 13:13:53.075 INFORMACIÓN [http-nio-8080-exec-516] org.apache.catalina.core.ApplicationContext.log Manager: restart: Reloading web application '/Tutorial'
05-Sep-2021 13:13:55.651 INFORMACIÓN [http-nio-8080-exec-520] org.apache.catalina.core.ApplicationContext.log Manager: list: Listing contexts for virtual host 'localhost'
05-Sep-2021 13:13:55.656 INFORMACIÓN [http-nio-8080-exec-515] org.apache.catalina.core.ApplicationContext.log Manager: restart: Reloading web application '/Tutorial'
05-Sep-2021 13:15:37.239 INFORMACIÓN [http-nio-8080-exec-525] org.apache.catalina.core.ApplicationContext.log Manager: list: Listing contexts for virtual host 'localhost'
05-Sep-2021 13:15:37.244 INFORMACIÓN [http-nio-8080-exec-518] org.apache.catalina.core.ApplicationContext.log Manager: restart: Reloading web application '/Tutorial'
05-Sep-2021 13:16:56.230 INFORMACIÓN [http-nio-8080-exec-520] org.apache.catalina.core.ApplicationContext.log Manager: list: Listing contexts for virtual host 'localhost'
05-Sep-2021 13:16:56.236 INFORMACIÓN [http-nio-8080-exec-524] org.apache.catalina.core.ApplicationContext.log Manager: restart: Reloading web application '/Tutorial'
05-Sep-2021 13:16:58.865 INFORMACIÓN [http-nio-8080-exec-530] org.apache.catalina.core.ApplicationContext.log Manager: list: Listing contexts for virtual host 'localhost'
05-Sep-2021 13:16:58.870 INFORMACIÓN [http-nio-8080-exec-533] org.apache.catalina.core.ApplicationContext.log Manager: restart: Reloading web application '/Tutorial'
05-Sep-2021 13:17:13.668 INFORMACIÓN [http-nio-8080-exec-530] org.apache.catalina.core.ApplicationContext.log Manager: list: Listing contexts for virtual host 'localhost'
05-Sep-2021 13:17:13.673 INFORMACIÓN [http-nio-8080-exec-531] org.apache.catalina.core.ApplicationContext.log Manager: restart: Reloading web application '/Tutorial'
05-Sep-2021 13:17:16.318 INFORMACIÓN [http-nio-8080-exec-536] org.apache.catalina.core.ApplicationContext.log Manager: list: Listing contexts for virtual host 'localhost'
05-Sep-2021 13:17:16.323 INFORMACIÓN [http-nio-8080-exec-520] org.apache.catalina.core.ApplicationContext.log Manager: restart: Reloading web application '/Tutorial'
05-Sep-2021 13:17:18.999 INFORMACIÓN [http-nio-8080-exec-535] org.apache.catalina.core.ApplicationContext.log Manager: list: Listing contexts for virtual host 'localhost'
05-Sep-2021 13:17:19.004 INFORMACIÓN [http-nio-8080-exec-522] org.apache.catalina.core.ApplicationContext.log Manager: restart: Reloading web application '/Tutorial'
05-Sep-2021 13:17:51.113 INFORMACIÓN [http-nio-8080-exec-528] org.apache.catalina.core.ApplicationContext.log Manager: list: Listing contexts for virtual host 'localhost'
05-Sep-2021 13:17:51.118 INFORMACIÓN [http-nio-8080-exec-525] org.apache.catalina.core.ApplicationContext.log Manager: restart: Reloading web application '/Tutorial'
05-Sep-2021 13:18:01.436 INFORMACIÓN [http-nio-8080-exec-528] org.apache.catalina.core.ApplicationContext.log Manager: list: Listing contexts for virtual host 'localhost'
05-Sep-2021 13:18:01.442 INFORMACIÓN [http-nio-8080-exec-543] org.apache.catalina.core.ApplicationContext.log Manager: restart: Reloading web application '/Tutorial'
05-Sep-2021 13:18:54.434 INFORMACIÓN [http-nio-8080-exec-534] org.apache.catalina.core.ApplicationContext.log Manager: list: Listing contexts for virtual host 'localhost'
05-Sep-2021 13:18:54.438 INFORMACIÓN [http-nio-8080-exec-541] org.apache.catalina.core.ApplicationContext.log Manager: restart: Reloading web application '/Tutorial'
05-Sep-2021 13:19:43.075 INFORMACIÓN [http-nio-8080-exec-548] org.apache.catalina.core.ApplicationContext.log Manager: list: Listing contexts for virtual host 'localhost'
05-Sep-2021 13:19:43.080 INFORMACIÓN [http-nio-8080-exec-549] org.apache.catalina.core.ApplicationContext.log Manager: restart: Reloading web application '/Tutorial'
05-Sep-2021 13:20:36.278 INFORMACIÓN [http-nio-8080-exec-553] org.apache.catalina.core.ApplicationContext.log Manager: list: Listing contexts for virtual host 'localhost'
05-Sep-2021 13:20:36.283 INFORMACIÓN [http-nio-8080-exec-530] org.apache.catalina.core.ApplicationContext.log Manager: restart: Reloading web application '/Tutorial'
05-Sep-2021 13:21:30.759 INFORMACIÓN [http-nio-8080-exec-548] org.apache.catalina.core.ApplicationContext.log Manager: list: Listing contexts for virtual host 'localhost'
05-Sep-2021 13:21:30.764 INFORMACIÓN [http-nio-8080-exec-550] org.apache.catalina.core.ApplicationContext.log Manager: restart: Reloading web application '/Tutorial'
05-Sep-2021 13:21:43.898 INFORMACIÓN [http-nio-8080-exec-553] org.apache.catalina.core.ApplicationContext.log Manager: list: Listing contexts for virtual host 'localhost'
05-Sep-2021 13:21:43.904 INFORMACIÓN [http-nio-8080-exec-551] org.apache.catalina.core.ApplicationContext.log Manager: restart: Reloading web application '/Tutorial'
05-Sep-2021 13:22:51.823 INFORMACIÓN [http-nio-8080-exec-562] org.apache.catalina.core.ApplicationContext.log Manager: list: Listing contexts for virtual host 'localhost'
05-Sep-2021 13:22:51.828 INFORMACIÓN [http-nio-8080-exec-561] org.apache.catalina.core.ApplicationContext.log Manager: restart: Reloading web application '/Tutorial'
05-Sep-2021 13:24:03.187 INFORMACIÓN [http-nio-8080-exec-570] org.apache.catalina.core.ApplicationContext.log Manager: list: Listing contexts for virtual host 'localhost'
05-Sep-2021 13:24:03.192 INFORMACIÓN [http-nio-8080-exec-574] org.apache.catalina.core.ApplicationContext.log Manager: restart: Reloading web application '/Tutorial'
05-Sep-2021 13:24:13.464 INFORMACIÓN [http-nio-8080-exec-572] org.apache.catalina.core.ApplicationContext.log Manager: list: Listing contexts for virtual host 'localhost'
05-Sep-2021 13:24:13.469 INFORMACIÓN [http-nio-8080-exec-575] org.apache.catalina.core.ApplicationContext.log Manager: restart: Reloading web application '/Tutorial'
05-Sep-2021 13:24:27.251 INFORMACIÓN [http-nio-8080-exec-578] org.apache.catalina.core.ApplicationContext.log Manager: list: Listing contexts for virtual host 'localhost'
05-Sep-2021 13:24:27.256 INFORMACIÓN [http-nio-8080-exec-576] org.apache.catalina.core.ApplicationContext.log Manager: restart: Reloading web application '/Tutorial'
05-Sep-2021 13:24:58.176 INFORMACIÓN [http-nio-8080-exec-585] org.apache.catalina.core.ApplicationContext.log Manager: list: Listing contexts for virtual host 'localhost'
05-Sep-2021 13:24:58.181 INFORMACIÓN [http-nio-8080-exec-581] org.apache.catalina.core.ApplicationContext.log Manager: restart: Reloading web application '/Tutorial'
05-Sep-2021 13:25:23.827 INFORMACIÓN [http-nio-8080-exec-586] org.apache.catalina.core.ApplicationContext.log Manager: list: Listing contexts for virtual host 'localhost'
05-Sep-2021 13:25:23.832 INFORMACIÓN [http-nio-8080-exec-580] org.apache.catalina.core.ApplicationContext.log Manager: restart: Reloading web application '/Tutorial'
05-Sep-2021 13:25:53.801 INFORMACIÓN [http-nio-8080-exec-594] org.apache.catalina.core.ApplicationContext.log Manager: list: Listing contexts for virtual host 'localhost'
05-Sep-2021 13:25:53.808 INFORMACIÓN [http-nio-8080-exec-566] org.apache.catalina.core.ApplicationContext.log Manager: restart: Reloading web application '/Tutorial'
05-Sep-2021 13:28:23.250 INFORMACIÓN [http-nio-8080-exec-596] org.apache.catalina.core.ApplicationContext.log Manager: list: Listing contexts for virtual host 'localhost'
05-Sep-2021 13:28:23.257 INFORMACIÓN [http-nio-8080-exec-598] org.apache.catalina.core.ApplicationContext.log Manager: restart: Reloading web application '/Tutorial'
05-Sep-2021 13:30:50.989 INFORMACIÓN [http-nio-8080-exec-608] org.apache.catalina.core.ApplicationContext.log Manager: list: Listing contexts for virtual host 'localhost'
05-Sep-2021 13:30:50.994 INFORMACIÓN [http-nio-8080-exec-605] org.apache.catalina.core.ApplicationContext.log Manager: restart: Reloading web application '/Tutorial'
05-Sep-2021 13:31:26.542 INFORMACIÓN [http-nio-8080-exec-610] org.apache.catalina.core.ApplicationContext.log Manager: list: Listing contexts for virtual host 'localhost'
05-Sep-2021 13:31:26.547 INFORMACIÓN [http-nio-8080-exec-611] org.apache.catalina.core.ApplicationContext.log Manager: restart: Reloading web application '/Tutorial'
05-Sep-2021 13:31:40.477 INFORMACIÓN [http-nio-8080-exec-619] org.apache.catalina.core.ApplicationContext.log Manager: list: Listing contexts for virtual host 'localhost'
05-Sep-2021 13:31:40.481 INFORMACIÓN [http-nio-8080-exec-609] org.apache.catalina.core.ApplicationContext.log Manager: restart: Reloading web application '/Tutorial'
05-Sep-2021 13:32:10.514 INFORMACIÓN [http-nio-8080-exec-617] org.apache.catalina.core.ApplicationContext.log Manager: list: Listing contexts for virtual host 'localhost'
05-Sep-2021 13:32:10.515 INFORMACIÓN [http-nio-8080-exec-616] org.apache.catalina.core.ApplicationContext.log Manager: list: Listing contexts for virtual host 'localhost'
05-Sep-2021 13:32:10.536 INFORMACIÓN [http-nio-8080-exec-622] org.apache.catalina.core.ApplicationContext.log Manager: restart: Reloading web application '/Tutorial'
05-Sep-2021 13:32:31.912 INFORMACIÓN [http-nio-8080-exec-623] org.apache.catalina.core.ApplicationContext.log Manager: list: Listing contexts for virtual host 'localhost'
05-Sep-2021 13:32:31.918 INFORMACIÓN [http-nio-8080-exec-624] org.apache.catalina.core.ApplicationContext.log Manager: restart: Reloading web application '/Tutorial'
05-Sep-2021 13:32:52.954 INFORMACIÓN [http-nio-8080-exec-631] org.apache.catalina.core.ApplicationContext.log Manager: list: Listing contexts for virtual host 'localhost'
05-Sep-2021 13:32:52.959 INFORMACIÓN [http-nio-8080-exec-610] org.apache.catalina.core.ApplicationContext.log Manager: restart: Reloading web application '/Tutorial'
05-Sep-2021 13:34:11.225 INFORMACIÓN [http-nio-8080-exec-634] org.apache.catalina.core.ApplicationContext.log Manager: list: Listing contexts for virtual host 'localhost'
05-Sep-2021 13:34:11.230 INFORMACIÓN [http-nio-8080-exec-637] org.apache.catalina.core.ApplicationContext.log Manager: restart: Reloading web application '/Tutorial'
05-Sep-2021 13:34:13.968 INFORMACIÓN [http-nio-8080-exec-623] org.apache.catalina.core.ApplicationContext.log Manager: list: Listing contexts for virtual host 'localhost'
05-Sep-2021 13:34:13.974 INFORMACIÓN [http-nio-8080-exec-631] org.apache.catalina.core.ApplicationContext.log Manager: restart: Reloading web application '/Tutorial'
05-Sep-2021 13:35:40.864 INFORMACIÓN [http-nio-8080-exec-642] org.apache.catalina.core.ApplicationContext.log Manager: list: Listing contexts for virtual host 'localhost'
05-Sep-2021 13:35:40.869 INFORMACIÓN [http-nio-8080-exec-634] org.apache.catalina.core.ApplicationContext.log Manager: restart: Reloading web application '/Tutorial'
05-Sep-2021 13:35:43.485 INFORMACIÓN [http-nio-8080-exec-635] org.apache.catalina.core.ApplicationContext.log Manager: list: Listing contexts for virtual host 'localhost'
05-Sep-2021 13:35:43.490 INFORMACIÓN [http-nio-8080-exec-642] org.apache.catalina.core.ApplicationContext.log Manager: restart: Reloading web application '/Tutorial'
05-Sep-2021 13:36:26.357 INFORMACIÓN [http-nio-8080-exec-641] org.apache.catalina.core.ApplicationContext.log Manager: list: Listing contexts for virtual host 'localhost'
05-Sep-2021 13:36:26.362 INFORMACIÓN [http-nio-8080-exec-635] org.apache.catalina.core.ApplicationContext.log Manager: restart: Reloading web application '/Tutorial'
05-Sep-2021 13:36:29.198 INFORMACIÓN [http-nio-8080-exec-641] org.apache.catalina.core.ApplicationContext.log Manager: list: Listing contexts for virtual host 'localhost'
05-Sep-2021 13:36:29.203 INFORMACIÓN [http-nio-8080-exec-638] org.apache.catalina.core.ApplicationContext.log Manager: restart: Reloading web application '/Tutorial'
05-Sep-2021 13:36:31.627 INFORMACIÓN [http-nio-8080-exec-644] org.apache.catalina.core.ApplicationContext.log Manager: list: Listing contexts for virtual host 'localhost'
05-Sep-2021 13:36:31.632 INFORMACIÓN [http-nio-8080-exec-639] org.apache.catalina.core.ApplicationContext.log Manager: restart: Reloading web application '/Tutorial'
05-Sep-2021 13:37:23.058 INFORMACIÓN [http-nio-8080-exec-644] org.apache.catalina.core.ApplicationContext.log Manager: list: Listing contexts for virtual host 'localhost'
05-Sep-2021 13:37:23.063 INFORMACIÓN [http-nio-8080-exec-641] org.apache.catalina.core.ApplicationContext.log Manager: restart: Reloading web application '/Tutorial'
05-Sep-2021 13:37:38.312 INFORMACIÓN [http-nio-8080-exec-649] org.apache.catalina.core.ApplicationContext.log Manager: list: Listing contexts for virtual host 'localhost'
05-Sep-2021 13:37:38.318 INFORMACIÓN [http-nio-8080-exec-645] org.apache.catalina.core.ApplicationContext.log Manager: restart: Reloading web application '/Tutorial'
05-Sep-2021 13:37:40.973 INFORMACIÓN [http-nio-8080-exec-640] org.apache.catalina.core.ApplicationContext.log Manager: list: Listing contexts for virtual host 'localhost'
05-Sep-2021 13:37:40.988 INFORMACIÓN [http-nio-8080-exec-649] org.apache.catalina.core.ApplicationContext.log Manager: restart: Reloading web application '/Tutorial'
05-Sep-2021 13:37:53.776 INFORMACIÓN [http-nio-8080-exec-623] org.apache.catalina.core.ApplicationContext.log Manager: list: Listing contexts for virtual host 'localhost'
05-Sep-2021 13:37:53.782 INFORMACIÓN [http-nio-8080-exec-628] org.apache.catalina.core.ApplicationContext.log Manager: restart: Reloading web application '/Tutorial'
05-Sep-2021 13:37:56.432 INFORMACIÓN [http-nio-8080-exec-640] org.apache.catalina.core.ApplicationContext.log Manager: list: Listing contexts for virtual host 'localhost'
05-Sep-2021 13:37:56.438 INFORMACIÓN [http-nio-8080-exec-654] org.apache.catalina.core.ApplicationContext.log Manager: restart: Reloading web application '/Tutorial'
05-Sep-2021 13:38:17.425 INFORMACIÓN [http-nio-8080-exec-655] org.apache.catalina.core.ApplicationContext.log Manager: list: Listing contexts for virtual host 'localhost'
05-Sep-2021 13:38:17.429 INFORMACIÓN [http-nio-8080-exec-653] org.apache.catalina.core.ApplicationContext.log Manager: restart: Reloading web application '/Tutorial'
05-Sep-2021 13:38:20.045 INFORMACIÓN [http-nio-8080-exec-656] org.apache.catalina.core.ApplicationContext.log Manager: list: Listing contexts for virtual host 'localhost'
05-Sep-2021 13:38:20.049 INFORMACIÓN [http-nio-8080-exec-652] org.apache.catalina.core.ApplicationContext.log Manager: restart: Reloading web application '/Tutorial'
05-Sep-2021 13:38:25.093 INFORMACIÓN [http-nio-8080-exec-656] org.apache.catalina.core.ApplicationContext.log Manager: list: Listing contexts for virtual host 'localhost'
05-Sep-2021 13:38:25.098 INFORMACIÓN [http-nio-8080-exec-644] org.apache.catalina.core.ApplicationContext.log Manager: restart: Reloading web application '/Tutorial'
05-Sep-2021 13:39:12.880 INFORMACIÓN [http-nio-8080-exec-658] org.apache.catalina.core.ApplicationContext.log Manager: list: Listing contexts for virtual host 'localhost'
05-Sep-2021 13:39:12.884 INFORMACIÓN [http-nio-8080-exec-657] org.apache.catalina.core.ApplicationContext.log Manager: restart: Reloading web application '/Tutorial'
05-Sep-2021 13:39:36.974 INFORMACIÓN [http-nio-8080-exec-659] org.apache.catalina.core.ApplicationContext.log Manager: list: Listing contexts for virtual host 'localhost'
05-Sep-2021 13:39:36.978 INFORMACIÓN [http-nio-8080-exec-655] org.apache.catalina.core.ApplicationContext.log Manager: restart: Reloading web application '/Tutorial'
05-Sep-2021 13:42:06.418 INFORMACIÓN [http-nio-8080-exec-667] org.apache.catalina.core.ApplicationContext.log Manager: list: Listing contexts for virtual host 'localhost'
05-Sep-2021 13:42:06.423 INFORMACIÓN [http-nio-8080-exec-670] org.apache.catalina.core.ApplicationContext.log Manager: restart: Reloading web application '/Tutorial'
05-Sep-2021 13:42:18.103 INFORMACIÓN [http-nio-8080-exec-623] org.apache.catalina.core.ApplicationContext.log Manager: list: Listing contexts for virtual host 'localhost'
05-Sep-2021 13:42:18.108 INFORMACIÓN [http-nio-8080-exec-660] org.apache.catalina.core.ApplicationContext.log Manager: restart: Reloading web application '/Tutorial'
05-Sep-2021 13:44:44.650 INFORMACIÓN [http-nio-8080-exec-674] org.apache.catalina.core.ApplicationContext.log Manager: list: Listing contexts for virtual host 'localhost'
05-Sep-2021 13:44:44.664 INFORMACIÓN [http-nio-8080-exec-676] org.apache.catalina.core.ApplicationContext.log Manager: restart: Reloading web application '/Tutorial'
05-Sep-2021 13:46:15.942 INFORMACIÓN [http-nio-8080-exec-681] org.apache.catalina.core.ApplicationContext.log Manager: list: Listing contexts for virtual host 'localhost'
05-Sep-2021 13:46:15.947 INFORMACIÓN [http-nio-8080-exec-686] org.apache.catalina.core.ApplicationContext.log Manager: restart: Reloading web application '/Tutorial'
05-Sep-2021 19:10:18.099 INFORMACIÓN [http-nio-8080-exec-692] org.apache.catalina.core.ApplicationContext.log Manager: list: Listing contexts for virtual host 'localhost'
05-Sep-2021 19:10:18.103 INFORMACIÓN [http-nio-8080-exec-694] org.apache.catalina.core.ApplicationContext.log Manager: restart: Reloading web application '/Tutorial'
05-Sep-2021 19:10:21.072 INFORMACIÓN [http-nio-8080-exec-691] org.apache.catalina.core.ApplicationContext.log Manager: list: Listing contexts for virtual host 'localhost'
05-Sep-2021 19:10:21.086 INFORMACIÓN [http-nio-8080-exec-689] org.apache.catalina.core.ApplicationContext.log Manager: restart: Reloading web application '/Tutorial'
05-Sep-2021 19:10:28.985 INFORMACIÓN [http-nio-8080-exec-691] org.apache.catalina.core.ApplicationContext.log Manager: list: Listing contexts for virtual host 'localhost'
05-Sep-2021 19:10:28.990 INFORMACIÓN [http-nio-8080-exec-687] org.apache.catalina.core.ApplicationContext.log Manager: restart: Reloading web application '/Tutorial'
05-Sep-2021 19:12:03.624 INFORMACIÓN [http-nio-8080-exec-702] org.apache.catalina.core.ApplicationContext.log Manager: list: Listing contexts for virtual host 'localhost'
05-Sep-2021 19:12:03.629 INFORMACIÓN [http-nio-8080-exec-703] org.apache.catalina.core.ApplicationContext.log Manager: restart: Reloading web application '/Tutorial'
05-Sep-2021 19:12:47.182 INFORMACIÓN [http-nio-8080-exec-707] org.apache.catalina.core.ApplicationContext.log Manager: list: Listing contexts for virtual host 'localhost'
05-Sep-2021 19:12:47.187 INFORMACIÓN [http-nio-8080-exec-696] org.apache.catalina.core.ApplicationContext.log Manager: restart: Reloading web application '/Tutorial'
05-Sep-2021 19:14:27.149 INFORMACIÓN [http-nio-8080-exec-706] org.apache.catalina.core.ApplicationContext.log Manager: list: Listing contexts for virtual host 'localhost'
05-Sep-2021 19:14:27.154 INFORMACIÓN [http-nio-8080-exec-713] org.apache.catalina.core.ApplicationContext.log Manager: restart: Reloading web application '/Tutorial'
05-Sep-2021 19:22:53.449 INFORMACIÓN [http-nio-8080-exec-721] org.apache.catalina.core.ApplicationContext.log Manager: list: Listing contexts for virtual host 'localhost'
05-Sep-2021 19:22:53.454 INFORMACIÓN [http-nio-8080-exec-715] org.apache.catalina.core.ApplicationContext.log Manager: restart: Reloading web application '/Tutorial'
05-Sep-2021 19:26:28.480 INFORMACIÓN [http-nio-8080-exec-729] org.apache.catalina.core.ApplicationContext.log Manager: list: Listing contexts for virtual host 'localhost'
05-Sep-2021 19:26:28.485 INFORMACIÓN [http-nio-8080-exec-730] org.apache.catalina.core.ApplicationContext.log Manager: restart: Reloading web application '/Tutorial'
05-Sep-2021 19:28:21.808 INFORMACIÓN [http-nio-8080-exec-736] org.apache.catalina.core.ApplicationContext.log Manager: list: Listing contexts for virtual host 'localhost'
05-Sep-2021 19:28:21.813 INFORMACIÓN [http-nio-8080-exec-737] org.apache.catalina.core.ApplicationContext.log Manager: restart: Reloading web application '/Tutorial'
05-Sep-2021 19:29:25.104 INFORMACIÓN [http-nio-8080-exec-744] org.apache.catalina.core.ApplicationContext.log Manager: list: Listing contexts for virtual host 'localhost'
05-Sep-2021 19:29:25.109 INFORMACIÓN [http-nio-8080-exec-735] org.apache.catalina.core.ApplicationContext.log Manager: restart: Reloading web application '/Tutorial'
05-Sep-2021 19:30:05.330 INFORMACIÓN [http-nio-8080-exec-747] org.apache.catalina.core.ApplicationContext.log Manager: list: Listing contexts for virtual host 'localhost'
05-Sep-2021 19:30:05.337 INFORMACIÓN [http-nio-8080-exec-742] org.apache.catalina.core.ApplicationContext.log Manager: restart: Reloading web application '/Tutorial'
05-Sep-2021 19:30:39.206 INFORMACIÓN [http-nio-8080-exec-754] org.apache.catalina.core.ApplicationContext.log Manager: list: Listing contexts for virtual host 'localhost'
05-Sep-2021 19:30:39.211 INFORMACIÓN [http-nio-8080-exec-758] org.apache.catalina.core.ApplicationContext.log Manager: restart: Reloading web application '/Tutorial'
05-Sep-2021 19:31:23.103 INFORMACIÓN [http-nio-8080-exec-734] org.apache.catalina.core.ApplicationContext.log Manager: list: Listing contexts for virtual host 'localhost'
05-Sep-2021 19:31:23.107 INFORMACIÓN [http-nio-8080-exec-750] org.apache.catalina.core.ApplicationContext.log Manager: restart: Reloading web application '/Tutorial'
05-Sep-2021 19:32:40.417 INFORMACIÓN [http-nio-8080-exec-757] org.apache.catalina.core.ApplicationContext.log Manager: list: Listing contexts for virtual host 'localhost'
05-Sep-2021 19:32:40.422 INFORMACIÓN [http-nio-8080-exec-768] org.apache.catalina.core.ApplicationContext.log Manager: restart: Reloading web application '/Tutorial'
05-Sep-2021 19:33:35.336 INFORMACIÓN [http-nio-8080-exec-769] org.apache.catalina.core.ApplicationContext.log Manager: list: Listing contexts for virtual host 'localhost'
05-Sep-2021 19:33:35.340 INFORMACIÓN [http-nio-8080-exec-768] org.apache.catalina.core.ApplicationContext.log Manager: restart: Reloading web application '/Tutorial'
05-Sep-2021 19:34:44.283 INFORMACIÓN [http-nio-8080-exec-775] org.apache.catalina.core.ApplicationContext.log Manager: list: Listing contexts for virtual host 'localhost'
05-Sep-2021 19:34:44.288 INFORMACIÓN [http-nio-8080-exec-778] org.apache.catalina.core.ApplicationContext.log Manager: restart: Reloading web application '/Tutorial'
05-Sep-2021 19:35:02.260 INFORMACIÓN [http-nio-8080-exec-780] org.apache.catalina.core.ApplicationContext.log Manager: list: Listing contexts for virtual host 'localhost'
05-Sep-2021 19:35:02.265 INFORMACIÓN [http-nio-8080-exec-757] org.apache.catalina.core.ApplicationContext.log Manager: restart: Reloading web application '/Tutorial'
05-Sep-2021 19:38:28.325 INFORMACIÓN [http-nio-8080-exec-784] org.apache.catalina.core.ApplicationContext.log Manager: list: Listing contexts for virtual host 'localhost'
05-Sep-2021 19:38:28.330 INFORMACIÓN [http-nio-8080-exec-783] org.apache.catalina.core.ApplicationContext.log Manager: restart: Reloading web application '/Tutorial'
05-Sep-2021 19:39:11.787 INFORMACIÓN [http-nio-8080-exec-789] org.apache.catalina.core.ApplicationContext.log Manager: list: Listing contexts for virtual host 'localhost'
05-Sep-2021 19:39:11.792 INFORMACIÓN [http-nio-8080-exec-787] org.apache.catalina.core.ApplicationContext.log Manager: restart: Reloading web application '/Tutorial'
05-Sep-2021 19:40:10.810 INFORMACIÓN [http-nio-8080-exec-795] org.apache.catalina.core.ApplicationContext.log Manager: list: Listing contexts for virtual host 'localhost'
05-Sep-2021 19:40:10.814 INFORMACIÓN [http-nio-8080-exec-786] org.apache.catalina.core.ApplicationContext.log Manager: restart: Reloading web application '/Tutorial'
05-Sep-2021 19:40:59.719 INFORMACIÓN [http-nio-8080-exec-796] org.apache.catalina.core.ApplicationContext.log Manager: list: Listing contexts for virtual host 'localhost'
05-Sep-2021 19:40:59.724 INFORMACIÓN [http-nio-8080-exec-795] org.apache.catalina.core.ApplicationContext.log Manager: restart: Reloading web application '/Tutorial'
05-Sep-2021 19:41:24.572 INFORMACIÓN [http-nio-8080-exec-805] org.apache.catalina.core.ApplicationContext.log Manager: list: Listing contexts for virtual host 'localhost'
05-Sep-2021 19:41:24.577 INFORMACIÓN [http-nio-8080-exec-802] org.apache.catalina.core.ApplicationContext.log Manager: restart: Reloading web application '/Tutorial'
05-Sep-2021 19:42:34.492 INFORMACIÓN [http-nio-8080-exec-813] org.apache.catalina.core.ApplicationContext.log Manager: list: Listing contexts for virtual host 'localhost'
05-Sep-2021 19:42:34.496 INFORMACIÓN [http-nio-8080-exec-796] org.apache.catalina.core.ApplicationContext.log Manager: restart: Reloading web application '/Tutorial'
05-Sep-2021 19:43:24.192 INFORMACIÓN [http-nio-8080-exec-813] org.apache.catalina.core.ApplicationContext.log Manager: list: Listing contexts for virtual host 'localhost'
05-Sep-2021 19:43:24.196 INFORMACIÓN [http-nio-8080-exec-804] org.apache.catalina.core.ApplicationContext.log Manager: restart: Reloading web application '/Tutorial'
05-Sep-2021 19:44:55.592 INFORMACIÓN [http-nio-8080-exec-820] org.apache.catalina.core.ApplicationContext.log Manager: list: Listing contexts for virtual host 'localhost'
05-Sep-2021 19:44:55.597 INFORMACIÓN [http-nio-8080-exec-821] org.apache.catalina.core.ApplicationContext.log Manager: restart: Reloading web application '/Tutorial'
05-Sep-2021 19:45:23.294 INFORMACIÓN [http-nio-8080-exec-810] org.apache.catalina.core.ApplicationContext.log Manager: list: Listing contexts for virtual host 'localhost'
05-Sep-2021 19:45:23.299 INFORMACIÓN [http-nio-8080-exec-811] org.apache.catalina.core.ApplicationContext.log Manager: restart: Reloading web application '/Tutorial'
05-Sep-2021 19:46:07.152 INFORMACIÓN [http-nio-8080-exec-820] org.apache.catalina.core.ApplicationContext.log Manager: list: Listing contexts for virtual host 'localhost'
05-Sep-2021 19:46:07.158 INFORMACIÓN [http-nio-8080-exec-823] org.apache.catalina.core.ApplicationContext.log Manager: restart: Reloading web application '/Tutorial'
05-Sep-2021 19:46:25.626 INFORMACIÓN [http-nio-8080-exec-819] org.apache.catalina.core.ApplicationContext.log Manager: list: Listing contexts for virtual host 'localhost'
05-Sep-2021 19:46:25.631 INFORMACIÓN [http-nio-8080-exec-831] org.apache.catalina.core.ApplicationContext.log Manager: restart: Reloading web application '/Tutorial'
05-Sep-2021 19:47:03.128 INFORMACIÓN [http-nio-8080-exec-826] org.apache.catalina.core.ApplicationContext.log Manager: list: Listing contexts for virtual host 'localhost'
05-Sep-2021 19:47:03.133 INFORMACIÓN [http-nio-8080-exec-836] org.apache.catalina.core.ApplicationContext.log Manager: restart: Reloading web application '/Tutorial'
05-Sep-2021 19:47:20.648 INFORMACIÓN [http-nio-8080-exec-840] org.apache.catalina.core.ApplicationContext.log Manager: list: Listing contexts for virtual host 'localhost'
05-Sep-2021 19:47:20.652 INFORMACIÓN [http-nio-8080-exec-829] org.apache.catalina.core.ApplicationContext.log Manager: restart: Reloading web application '/Tutorial'
05-Sep-2021 19:47:34.822 INFORMACIÓN [http-nio-8080-exec-840] org.apache.catalina.core.ApplicationContext.log Manager: list: Listing contexts for virtual host 'localhost'
05-Sep-2021 19:47:34.827 INFORMACIÓN [http-nio-8080-exec-842] org.apache.catalina.core.ApplicationContext.log Manager: restart: Reloading web application '/Tutorial'
05-Sep-2021 19:47:55.375 INFORMACIÓN [http-nio-8080-exec-846] org.apache.catalina.core.ApplicationContext.log Manager: list: Listing contexts for virtual host 'localhost'
05-Sep-2021 19:47:55.379 INFORMACIÓN [http-nio-8080-exec-840] org.apache.catalina.core.ApplicationContext.log Manager: restart: Reloading web application '/Tutorial'
05-Sep-2021 19:48:36.002 INFORMACIÓN [http-nio-8080-exec-848] org.apache.catalina.core.ApplicationContext.log Manager: list: Listing contexts for virtual host 'localhost'
05-Sep-2021 19:48:36.008 INFORMACIÓN [http-nio-8080-exec-849] org.apache.catalina.core.ApplicationContext.log Manager: restart: Reloading web application '/Tutorial'
05-Sep-2021 19:50:21.171 INFORMACIÓN [http-nio-8080-exec-857] org.apache.catalina.core.ApplicationContext.log Manager: list: Listing contexts for virtual host 'localhost'
05-Sep-2021 19:50:21.176 INFORMACIÓN [http-nio-8080-exec-853] org.apache.catalina.core.ApplicationContext.log Manager: restart: Reloading web application '/Tutorial'
05-Sep-2021 19:55:52.848 INFORMACIÓN [http-nio-8080-exec-862] org.apache.catalina.core.ApplicationContext.log Manager: list: Listing contexts for virtual host 'localhost'
05-Sep-2021 19:55:52.853 INFORMACIÓN [http-nio-8080-exec-863] org.apache.catalina.core.ApplicationContext.log Manager: restart: Reloading web application '/Tutorial'
05-Sep-2021 19:56:33.708 INFORMACIÓN [http-nio-8080-exec-869] org.apache.catalina.core.ApplicationContext.log Manager: list: Listing contexts for virtual host 'localhost'
05-Sep-2021 19:56:33.713 INFORMACIÓN [http-nio-8080-exec-867] org.apache.catalina.core.ApplicationContext.log Manager: restart: Reloading web application '/Tutorial'
05-Sep-2021 19:56:48.873 INFORMACIÓN [http-nio-8080-exec-865] org.apache.catalina.core.ApplicationContext.log Manager: list: Listing contexts for virtual host 'localhost'
05-Sep-2021 19:56:48.878 INFORMACIÓN [http-nio-8080-exec-873] org.apache.catalina.core.ApplicationContext.log Manager: restart: Reloading web application '/Tutorial'
05-Sep-2021 19:56:51.622 INFORMACIÓN [http-nio-8080-exec-871] org.apache.catalina.core.ApplicationContext.log Manager: list: Listing contexts for virtual host 'localhost'
05-Sep-2021 19:56:51.626 INFORMACIÓN [http-nio-8080-exec-865] org.apache.catalina.core.ApplicationContext.log Manager: restart: Reloading web application '/Tutorial'
05-Sep-2021 19:56:54.309 INFORMACIÓN [http-nio-8080-exec-866] org.apache.catalina.core.ApplicationContext.log Manager: list: Listing contexts for virtual host 'localhost'
05-Sep-2021 19:56:54.314 INFORMACIÓN [http-nio-8080-exec-877] org.apache.catalina.core.ApplicationContext.log Manager: restart: Reloading web application '/Tutorial'
05-Sep-2021 19:57:35.670 INFORMACIÓN [http-nio-8080-exec-875] org.apache.catalina.core.ApplicationContext.log Manager: list: Listing contexts for virtual host 'localhost'
05-Sep-2021 19:57:35.674 INFORMACIÓN [http-nio-8080-exec-871] org.apache.catalina.core.ApplicationContext.log Manager: restart: Reloading web application '/Tutorial'
05-Sep-2021 19:57:38.366 INFORMACIÓN [http-nio-8080-exec-879] org.apache.catalina.core.ApplicationContext.log Manager: list: Listing contexts for virtual host 'localhost'
05-Sep-2021 19:57:38.382 INFORMACIÓN [http-nio-8080-exec-869] org.apache.catalina.core.ApplicationContext.log Manager: restart: Reloading web application '/Tutorial'
05-Sep-2021 19:58:10.180 INFORMACIÓN [http-nio-8080-exec-882] org.apache.catalina.core.ApplicationContext.log Manager: list: Listing contexts for virtual host 'localhost'
05-Sep-2021 19:58:10.185 INFORMACIÓN [http-nio-8080-exec-861] org.apache.catalina.core.ApplicationContext.log Manager: restart: Reloading web application '/Tutorial'
05-Sep-2021 19:59:31.117 INFORMACIÓN [http-nio-8080-exec-887] org.apache.catalina.core.ApplicationContext.log Manager: list: Listing contexts for virtual host 'localhost'
05-Sep-2021 19:59:31.121 INFORMACIÓN [http-nio-8080-exec-888] org.apache.catalina.core.ApplicationContext.log Manager: restart: Reloading web application '/Tutorial'
05-Sep-2021 19:59:58.561 INFORMACIÓN [http-nio-8080-exec-886] org.apache.catalina.core.ApplicationContext.log Manager: list: Listing contexts for virtual host 'localhost'
05-Sep-2021 19:59:58.566 INFORMACIÓN [http-nio-8080-exec-896] org.apache.catalina.core.ApplicationContext.log Manager: restart: Reloading web application '/Tutorial'
05-Sep-2021 20:01:51.983 INFORMACIÓN [http-nio-8080-exec-902] org.apache.catalina.core.ApplicationContext.log Manager: list: Listing contexts for virtual host 'localhost'
05-Sep-2021 20:01:51.989 INFORMACIÓN [http-nio-8080-exec-903] org.apache.catalina.core.ApplicationContext.log Manager: restart: Reloading web application '/Tutorial'
05-Sep-2021 20:03:47.583 INFORMACIÓN [http-nio-8080-exec-909] org.apache.catalina.core.ApplicationContext.log Manager: list: Listing contexts for virtual host 'localhost'
05-Sep-2021 20:03:47.588 INFORMACIÓN [http-nio-8080-exec-911] org.apache.catalina.core.ApplicationContext.log Manager: restart: Reloading web application '/Tutorial'
05-Sep-2021 20:04:37.050 INFORMACIÓN [http-nio-8080-exec-909] org.apache.catalina.core.ApplicationContext.log Manager: list: Listing contexts for virtual host 'localhost'
05-Sep-2021 20:04:37.056 INFORMACIÓN [http-nio-8080-exec-907] org.apache.catalina.core.ApplicationContext.log Manager: restart: Reloading web application '/Tutorial'
05-Sep-2021 20:05:33.389 INFORMACIÓN [http-nio-8080-exec-916] org.apache.catalina.core.ApplicationContext.log Manager: list: Listing contexts for virtual host 'localhost'
05-Sep-2021 20:05:33.395 INFORMACIÓN [http-nio-8080-exec-913] org.apache.catalina.core.ApplicationContext.log Manager: restart: Reloading web application '/Tutorial'
05-Sep-2021 20:07:19.126 INFORMACIÓN [http-nio-8080-exec-929] org.apache.catalina.core.ApplicationContext.log Manager: list: Listing contexts for virtual host 'localhost'
05-Sep-2021 20:07:19.131 INFORMACIÓN [http-nio-8080-exec-933] org.apache.catalina.core.ApplicationContext.log Manager: restart: Reloading web application '/Tutorial'
05-Sep-2021 20:07:30.311 INFORMACIÓN [http-nio-8080-exec-912] org.apache.catalina.core.ApplicationContext.log Manager: list: Listing contexts for virtual host 'localhost'
05-Sep-2021 20:07:30.317 INFORMACIÓN [http-nio-8080-exec-930] org.apache.catalina.core.ApplicationContext.log Manager: restart: Reloading web application '/Tutorial'
05-Sep-2021 20:09:19.975 INFORMACIÓN [http-nio-8080-exec-920] org.apache.catalina.core.ApplicationContext.log Manager: list: Listing contexts for virtual host 'localhost'
05-Sep-2021 20:09:19.980 INFORMACIÓN [http-nio-8080-exec-939] org.apache.catalina.core.ApplicationContext.log Manager: restart: Reloading web application '/Tutorial'
05-Sep-2021 20:09:49.728 INFORMACIÓN [http-nio-8080-exec-926] org.apache.catalina.core.ApplicationContext.log Manager: list: Listing contexts for virtual host 'localhost'
05-Sep-2021 20:09:49.733 INFORMACIÓN [http-nio-8080-exec-912] org.apache.catalina.core.ApplicationContext.log Manager: restart: Reloading web application '/Tutorial'
05-Sep-2021 20:10:20.743 INFORMACIÓN [http-nio-8080-exec-937] org.apache.catalina.core.ApplicationContext.log Manager: list: Listing contexts for virtual host 'localhost'
05-Sep-2021 20:10:20.748 INFORMACIÓN [http-nio-8080-exec-927] org.apache.catalina.core.ApplicationContext.log Manager: restart: Reloading web application '/Tutorial'
05-Sep-2021 20:11:43.653 INFORMACIÓN [http-nio-8080-exec-945] org.apache.catalina.core.ApplicationContext.log Manager: list: Listing contexts for virtual host 'localhost'
05-Sep-2021 20:11:43.658 INFORMACIÓN [http-nio-8080-exec-946] org.apache.catalina.core.ApplicationContext.log Manager: restart: Reloading web application '/Tutorial'
05-Sep-2021 20:12:11.981 INFORMACIÓN [http-nio-8080-exec-942] org.apache.catalina.core.ApplicationContext.log Manager: list: Listing contexts for virtual host 'localhost'
05-Sep-2021 20:12:11.988 INFORMACIÓN [http-nio-8080-exec-947] org.apache.catalina.core.ApplicationContext.log Manager: restart: Reloading web application '/Tutorial'
05-Sep-2021 20:27:16.648 INFORMACIÓN [http-nio-8080-exec-957] org.apache.catalina.core.ApplicationContext.log Manager: list: Listing contexts for virtual host 'localhost'
05-Sep-2021 20:27:16.653 INFORMACIÓN [http-nio-8080-exec-958] org.apache.catalina.core.ApplicationContext.log Manager: restart: Reloading web application '/Tutorial'
